\BOOKMARK [1][-]{section.1}{General model}{}% 1
\BOOKMARK [2][-]{subsection.1.1}{Simulation}{section.1}% 2
\BOOKMARK [2][-]{subsection.1.2}{Display}{section.1}% 3
\BOOKMARK [2][-]{subsection.1.3}{Sensor}{section.1}% 4
\BOOKMARK [2][-]{subsection.1.4}{Generator}{section.1}% 5
\BOOKMARK [2][-]{subsection.1.5}{Timestamp}{section.1}% 6
\BOOKMARK [2][-]{subsection.1.6}{Data}{section.1}% 7
\BOOKMARK [1][-]{section.2}{How to use the language}{}% 8
\BOOKMARK [2][-]{subsection.2.1}{Creating the model}{section.2}% 9
\BOOKMARK [3][-]{subsubsection.2.1.1}{Importer\(name\)}{subsection.2.1}% 10
\BOOKMARK [3][-]{subsubsection.2.1.2}{ModelSensor\(name, step\)}{subsection.2.1}% 11
\BOOKMARK [3][-]{subsubsection.2.1.3}{Wrappers}{subsection.2.1}% 12
\BOOKMARK [2][-]{subsection.2.2}{User-friendly ways to define sensors}{section.2}% 13
\BOOKMARK [2][-]{subsection.2.3}{Preparing the display devices}{section.2}% 14
\BOOKMARK [2][-]{subsection.2.4}{Creating the simulation}{section.2}% 15
\BOOKMARK [2][-]{subsection.2.5}{Examples}{section.2}% 16
\BOOKMARK [1][-]{section.3}{Concrete implementation}{}% 17
\BOOKMARK [2][-]{subsection.3.1}{Timestamp}{section.3}% 18
\BOOKMARK [2][-]{subsection.3.2}{Data}{section.3}% 19
\BOOKMARK [2][-]{subsection.3.3}{Simulation}{section.3}% 20
\BOOKMARK [2][-]{subsection.3.4}{Sensors}{section.3}% 21
\BOOKMARK [3][-]{subsubsection.3.4.1}{The Sensor abstract class}{subsection.3.4}% 22
\BOOKMARK [3][-]{subsubsection.3.4.2}{The modelSensor abstract class}{subsection.3.4}% 23
\BOOKMARK [3][-]{subsubsection.3.4.3}{The Importer abstract class}{subsection.3.4}% 24
\BOOKMARK [3][-]{subsubsection.3.4.4}{The AggregatedSensor class}{subsection.3.4}% 25
\BOOKMARK [2][-]{subsection.3.5}{Display}{section.3}% 26
\BOOKMARK [3][-]{subsubsection.3.5.1}{The Display abstract class}{subsection.3.5}% 27
\BOOKMARK [3][-]{subsubsection.3.5.2}{Display to an influxDB database}{subsection.3.5}% 28
\BOOKMARK [3][-]{subsubsection.3.5.3}{Display to a file in JSON format}{subsection.3.5}% 29
\BOOKMARK [2][-]{subsection.3.6}{Generator}{section.3}% 30
\BOOKMARK [1][-]{section.4}{Possible improvements}{}% 31
\BOOKMARK [2][-]{subsection.4.1}{Markov Chain}{section.4}% 32
\BOOKMARK [2][-]{subsection.4.2}{JsonImporter}{section.4}% 33
\BOOKMARK [1][-]{appendix.A}{Class diagrams}{}% 34
